<?xml version="1.0" encoding="UTF-8"?>
<!-- Generated by org.testng.reporters.JUnitXMLReporter -->
<testsuite ignored="0" hostname="LAPTOP-077COGF2" failures="1" tests="1" name="OpenCart Test" time="18.656" errors="0" timestamp="2022-12-17T01:51:11 GMT">
  <testcase classname="testCases.TC_001_AccountRegistrationTest" name="RegisterAccount" time="14.194">
    <failure type="java.lang.AssertionError" message="expected [true] but found [false]">
      <![CDATA[java.lang.AssertionError: expected [true] but found [false]
at testCases.TC_001_AccountRegistrationTest.RegisterAccount(TC_001_AccountRegistrationTest.java:42)
at java.base/java.util.ArrayList.forEach(ArrayList.java:1511)
... Removed 31 stack frames]]>
    </failure>
  </testcase> <!-- RegisterAccount -->
</testsuite> <!-- OpenCart Test -->
