<?xml version="1.0" encoding="UTF-8"?>
<testng-results ignored="0" total="1" passed="1" failed="0" skipped="0">
  <reporter-output>
  </reporter-output>
  <suite started-at="2022-12-17T03:46:11 GMT" name="Suite" finished-at="2022-12-17T03:46:26 GMT" duration-ms="14699">
    <groups>
    </groups>
    <test started-at="2022-12-17T03:46:11 GMT" name="OpenCart Test" finished-at="2022-12-17T03:46:26 GMT" duration-ms="14699">
      <class name="testCases.TC_002_Login">
        <test-method is-config="true" signature="setup(java.lang.String)[pri:0, instance:testCases.TC_002_Login@5542c4ed]" started-at="2022-12-17T03:46:11 GMT" name="setup" finished-at="2022-12-17T03:46:14 GMT" duration-ms="3108" status="PASS">
          <params>
            <param index="0">
              <value>
                <![CDATA[chrome]]>
              </value>
            </param>
          </params>
          <reporter-output>
          </reporter-output>
        </test-method> <!-- setup -->
        <test-method signature="test_Login()[pri:0, instance:testCases.TC_002_Login@5542c4ed]" started-at="2022-12-17T03:46:14 GMT" name="test_Login" finished-at="2022-12-17T03:46:25 GMT" duration-ms="10573" status="PASS">
          <reporter-output>
          </reporter-output>
        </test-method> <!-- test_Login -->
        <test-method is-config="true" signature="tearDown()[pri:0, instance:testCases.TC_002_Login@5542c4ed]" started-at="2022-12-17T03:46:25 GMT" name="tearDown" finished-at="2022-12-17T03:46:26 GMT" duration-ms="691" status="PASS">
          <reporter-output>
          </reporter-output>
        </test-method> <!-- tearDown -->
      </class> <!-- testCases.TC_002_Login -->
    </test> <!-- OpenCart Test -->
  </suite> <!-- Suite -->
</testng-results>
